[2019-09-03 22:44:47][DEBUG][ERROR] : [Class 'App\HttpController\ApiBase' not found at file:/usr/share/nginx/html/layui_easyswoole/App/HttpController/Api/Admin/Admin.php line:6]
[2019-09-03 22:45:49][DEBUG][ERROR] : [Class App\HttpController\Api\Admin\Admin contains 1 abstract method and must therefore be declared abstract or implement the remaining methods (App\HttpController\Api\ApiBase::getValidateRule) at file:/usr/share/nginx/html/layui_easyswoole/App/HttpController/Api/Admin/Admin.php line:8]
[2019-09-03 22:46:23][DEBUG][ERROR] : [Class App\HttpController\Api\Admin\Admin contains 1 abstract method and must therefore be declared abstract or implement the remaining methods (App\HttpController\Api\ApiBase::getValidateRule) at file:/usr/share/nginx/html/layui_easyswoole/App/HttpController/Api/Admin/Admin.php line:8]
[2019-09-03 22:47:58][DEBUG][ERROR] : [Declaration of App\HttpController\Api\Admin\Admin::getValidateRule(string $action): ?EasySwoole\Validate\Validate must be compatible with App\HttpController\Api\ApiBase::getValidateRule(?string $action): ?EasySwoole\Validate\Validate at file:/usr/share/nginx/html/layui_easyswoole/App/HttpController/Api/Admin/Admin.php line:7]
[2019-09-03 22:50:59][DEBUG][ERROR] : [Declaration of App\HttpController\Api\Admin\Admin::getValidateRule(string $action): ?EasySwoole\Validate\Validate must be compatible with App\HttpController\Api\ApiBase::getValidateRule(?string $action): ?EasySwoole\Validate\Validate at file:/usr/share/nginx/html/layui_easyswoole/App/HttpController/Api/Admin/Admin.php line:7]
[2019-09-03 22:51:57][DEBUG][ERROR] : [Declaration of App\HttpController\Api\Admin\Admin::getValidateRule(string $action): ?EasySwoole\Validate\Validate must be compatible with App\HttpController\Api\ApiBase::getValidateRule(?string $action): ?EasySwoole\Validate\Validate at file:/usr/share/nginx/html/layui_easyswoole/App/HttpController/Api/Admin/Admin.php line:7]
[2019-09-03 22:52:46][DEBUG][ERROR] : [Uncaught Swoole\Exception: failed to listen server port[0.0.0.0:9502], Error: Address already in use[98] in /usr/share/nginx/html/layui_easyswoole/vendor/easyswoole/easyswoole/src/ServerManager.php:57
Stack trace:
#0 /usr/share/nginx/html/layui_easyswoole/vendor/easyswoole/easyswoole/src/ServerManager.php(57): Swoole\Server->__construct('0.0.0.0', 9502, 2, 1)
#1 /usr/share/nginx/html/layui_easyswoole/vendor/easyswoole/easyswoole/src/Core.php(113): EasySwoole\EasySwoole\ServerManager->createSwooleServer(9502, 2, '0.0.0.0', Array, 2, 1)
#2 /usr/share/nginx/html/layui_easyswoole/vendor/easyswoole/easyswoole/src/Command/DefaultCommand/Start.php(42): EasySwoole\EasySwoole\Core->createServer()
#3 /usr/share/nginx/html/layui_easyswoole/vendor/easyswoole/easyswoole/src/Command/CommandContainer.php(46): EasySwoole\EasySwoole\Command\DefaultCommand\Start->exec(Array)
#4 /usr/share/nginx/html/layui_easyswoole/vendor/easyswoole/easyswoole/src/Command/CommandRunner.php(50): EasySwoole\EasySwoole\Command\CommandContainer-> at file:/usr/share/nginx/html/layui_easyswoole/vendor/easyswoole/easyswoole/src/ServerManager.php line:57]
[2019-09-03 23:03:39][DEBUG][ERROR] : [Uncaught Swoole\Exception: failed to listen server port[0.0.0.0:9502], Error: Address already in use[98] in /usr/share/nginx/html/layui_easyswoole/vendor/easyswoole/easyswoole/src/ServerManager.php:57
Stack trace:
#0 /usr/share/nginx/html/layui_easyswoole/vendor/easyswoole/easyswoole/src/ServerManager.php(57): Swoole\Server->__construct('0.0.0.0', 9502, 2, 1)
#1 /usr/share/nginx/html/layui_easyswoole/vendor/easyswoole/easyswoole/src/Core.php(113): EasySwoole\EasySwoole\ServerManager->createSwooleServer(9502, 2, '0.0.0.0', Array, 2, 1)
#2 /usr/share/nginx/html/layui_easyswoole/vendor/easyswoole/easyswoole/src/Command/DefaultCommand/Start.php(42): EasySwoole\EasySwoole\Core->createServer()
#3 /usr/share/nginx/html/layui_easyswoole/vendor/easyswoole/easyswoole/src/Command/CommandContainer.php(46): EasySwoole\EasySwoole\Command\DefaultCommand\Start->exec(Array)
#4 /usr/share/nginx/html/layui_easyswoole/vendor/easyswoole/easyswoole/src/Command/CommandRunner.php(50): EasySwoole\EasySwoole\Command\CommandContainer-> at file:/usr/share/nginx/html/layui_easyswoole/vendor/easyswoole/easyswoole/src/ServerManager.php line:57]
[2019-09-03 23:13:32][DEBUG][ERROR] : [Declaration of App\HttpController\Api\Admin\Admin::getValidateRule(string $action): ?EasySwoole\Validate\Validate must be compatible with App\HttpController\Api\ApiBase::getValidateRule(?string $action): ?EasySwoole\Validate\Validate at file:/usr/share/nginx/html/layui_easyswoole/App/HttpController/Api/Admin/Admin.php line:7]
[2019-09-03 23:15:20][DEBUG][ERROR] : [Declaration of App\HttpController\Api\Admin\AdminBase::getValidateRule(string $action): ?EasySwoole\Validate\Validate must be compatible with App\HttpController\Api\ApiBase::getValidateRule(?string $action): ?EasySwoole\Validate\Validate at file:/usr/share/nginx/html/layui_easyswoole/App/HttpController/Api/Admin/AdminBase.php line:7]
[2019-09-03 23:19:01][DEBUG][ERROR] : [Declaration of App\HttpController\Api\Admin\AdminBase::getValidateRule(string $action): ?EasySwoole\Validate\Validate must be compatible with App\HttpController\Api\ApiBase::getValidateRule(?string $action): ?EasySwoole\Validate\Validate at file:/usr/share/nginx/html/layui_easyswoole/App/HttpController/Api/Admin/AdminBase.php line:7]
[2019-09-04 09:24:38][DEBUG][ERROR] : [Declaration of App\HttpController\Api\Admin\AdminBase::getValidateRule(string $action): ?EasySwoole\Validate\Validate must be compatible with App\HttpController\Api\ApiBase::getValidateRule(?string $action): ?EasySwoole\Validate\Validate at file:/usr/share/nginx/html/layui_easyswoole/App/HttpController/Api/Admin/AdminBase.php line:7]
[2019-09-04 09:27:33][DEBUG][ERROR] : [Declaration of App\HttpController\Api\Admin\AdminBase::getValidateRule(string $action): ?EasySwoole\Validate\Validate must be compatible with App\HttpController\Api\ApiBase::getValidateRule(?string $action): ?EasySwoole\Validate\Validate at file:/usr/share/nginx/html/layui_easyswoole/App/HttpController/Api/Admin/AdminBase.php line:7]
[2019-09-04 09:29:29][DEBUG][ERROR] : [Declaration of App\HttpController\Api\Admin\AdminBase::getValidateRule(string $action): ?EasySwoole\Validate\Validate must be compatible with App\HttpController\Api\ApiBase::getValidateRule(?string $action): ?EasySwoole\Validate\Validate at file:/usr/share/nginx/html/layui_easyswoole/App/HttpController/Api/Admin/AdminBase.php line:15]
[2019-09-04 09:31:35][DEBUG][ERROR] : [Return value of App\HttpController\Api\Admin\AdminBase::getValidateRule() must be an instance of EasySwoole\Validate\Validate or null, none returned at file:/usr/share/nginx/html/layui_easyswoole/App/HttpController/Api/Admin/AdminBase.php line:20]
[2019-09-04 11:03:31][DEBUG][ERROR] : [Argument 1 passed to EasySwoole\Http\Response::write() must be of the type string, array given, called in /usr/share/nginx/html/layui_easyswoole/App/HttpController/Api/Admin/Admin.php on line 19 at file:/usr/share/nginx/html/layui_easyswoole/vendor/easyswoole/http/src/Response.php line:76]
[2019-09-04 11:03:35][DEBUG][ERROR] : [Argument 1 passed to EasySwoole\Http\Response::write() must be of the type string, array given, called in /usr/share/nginx/html/layui_easyswoole/App/HttpController/Api/Admin/Admin.php on line 19 at file:/usr/share/nginx/html/layui_easyswoole/vendor/easyswoole/http/src/Response.php line:76]
[2019-09-04 11:43:42][DEBUG][ERROR] : [SQLSTATE[42000] [1064] You have an error in your SQL syntax; check the manual that corresponds to your MySQL server version for the right syntax to use near '' at line 1 query: INSERT  INTO admin_list at file:/usr/share/nginx/html/layui_easyswoole/vendor/easyswoole/mysqli/src/Mysqli.php line:1577]
[2019-09-04 11:46:43][DEBUG][ERROR] : [SQLSTATE[42000] [1064] You have an error in your SQL syntax; check the manual that corresponds to your MySQL server version for the right syntax to use near '' at line 1 query: INSERT  INTO admin_list at file:/usr/share/nginx/html/layui_easyswoole/vendor/easyswoole/mysqli/src/Mysqli.php line:1577]
[2019-09-04 14:06:32][DEBUG][ERROR] : [Argument 1 passed to EasySwoole\Component\Pool\AbstractPool::getObj() must be of the type float or null, string given, called in /usr/share/nginx/html/layui_easyswoole/vendor/easyswoole/component/src/Pool/TraitInvoker.php on line 50 at file:/usr/share/nginx/html/layui_easyswoole/vendor/easyswoole/component/src/Pool/AbstractPool.php line:82]
[2019-09-04 14:08:20][DEBUG][ERROR] : [Class 'App\Utility\Pool\MysqlPool' not found at file:/usr/share/nginx/html/layui_easyswoole/App/HttpController/Api/Admin/Admin.php line:28]
[2019-09-04 14:24:13][DEBUG][ERROR] : [SQLSTATE[42S22] [1054] Unknown column 'id' in 'order clause' query: SELECT SQL_CALC_FOUND_ROWS * FROM admin_list ORDER BY id DESC  LIMIT 0, 20 at file:/usr/share/nginx/html/layui_easyswoole/vendor/easyswoole/mysqli/src/Mysqli.php line:1577]
[2019-09-05 15:49:46][DEBUG][NOTICE] : [Undefined variable: time at file:/usr/share/nginx/html/layui_easyswoole/App/HttpController/Api/Common/VerifyCode.php line:34]
[2019-09-05 15:49:46][DEBUG][NOTICE] : [Undefined variable: time at file:/usr/share/nginx/html/layui_easyswoole/App/HttpController/Api/Common/VerifyCode.php line:34]
[2019-09-05 15:49:46][DEBUG][NOTICE] : [Undefined variable: time at file:/usr/share/nginx/html/layui_easyswoole/App/HttpController/Api/Common/VerifyCode.php line:35]
[2019-09-05 15:49:46][DEBUG][NOTICE] : [Undefined variable: time at file:/usr/share/nginx/html/layui_easyswoole/App/HttpController/Api/Common/VerifyCode.php line:35]
[2019-09-05 15:50:04][DEBUG][NOTICE] : [Undefined variable: time at file:/usr/share/nginx/html/layui_easyswoole/App/HttpController/Api/Common/VerifyCode.php line:34]
[2019-09-05 15:50:04][DEBUG][NOTICE] : [Undefined variable: time at file:/usr/share/nginx/html/layui_easyswoole/App/HttpController/Api/Common/VerifyCode.php line:34]
[2019-09-05 15:50:04][DEBUG][NOTICE] : [Undefined variable: time at file:/usr/share/nginx/html/layui_easyswoole/App/HttpController/Api/Common/VerifyCode.php line:35]
[2019-09-05 15:50:04][DEBUG][NOTICE] : [Undefined variable: time at file:/usr/share/nginx/html/layui_easyswoole/App/HttpController/Api/Common/VerifyCode.php line:35]
[2019-09-05 15:51:29][DEBUG][NOTICE] : [Undefined variable: time at file:/usr/share/nginx/html/layui_easyswoole/App/HttpController/Api/Common/VerifyCode.php line:35]
[2019-09-05 15:51:29][DEBUG][NOTICE] : [Undefined variable: time at file:/usr/share/nginx/html/layui_easyswoole/App/HttpController/Api/Common/VerifyCode.php line:35]
[2019-09-05 15:51:29][DEBUG][NOTICE] : [Undefined variable: time at file:/usr/share/nginx/html/layui_easyswoole/App/HttpController/Api/Common/VerifyCode.php line:36]
[2019-09-05 15:51:29][DEBUG][NOTICE] : [Undefined variable: time at file:/usr/share/nginx/html/layui_easyswoole/App/HttpController/Api/Common/VerifyCode.php line:36]
[2019-09-05 15:52:42][DEBUG][NOTICE] : [Undefined variable: time at file:/usr/share/nginx/html/layui_easyswoole/App/HttpController/Api/Common/VerifyCode.php line:35]
[2019-09-05 15:52:42][DEBUG][NOTICE] : [Undefined variable: time at file:/usr/share/nginx/html/layui_easyswoole/App/HttpController/Api/Common/VerifyCode.php line:35]
[2019-09-05 15:52:42][DEBUG][NOTICE] : [Undefined variable: time at file:/usr/share/nginx/html/layui_easyswoole/App/HttpController/Api/Common/VerifyCode.php line:36]
[2019-09-05 15:52:42][DEBUG][NOTICE] : [Undefined variable: time at file:/usr/share/nginx/html/layui_easyswoole/App/HttpController/Api/Common/VerifyCode.php line:36]
[2019-09-05 17:21:05][DEBUG][NOTICE] : [Undefined index: adminAccount at file:/usr/share/nginx/html/layui_easyswoole/App/HttpController/Api/Admin/Login.php line:41]
[2019-09-05 17:21:05][DEBUG][NOTICE] : [Undefined index: adminPassword at file:/usr/share/nginx/html/layui_easyswoole/App/HttpController/Api/Admin/Login.php line:42]
[2019-09-05 17:21:36][DEBUG][NOTICE] : [Undefined index: adminAccount at file:/usr/share/nginx/html/layui_easyswoole/App/HttpController/Api/Admin/Login.php line:41]
[2019-09-05 17:21:36][DEBUG][NOTICE] : [Undefined index: adminPassword at file:/usr/share/nginx/html/layui_easyswoole/App/HttpController/Api/Admin/Login.php line:42]
[2019-09-06 11:40:33][DEBUG][ERROR] : [syntax error, unexpected ')', expecting ']' at file:/usr/share/nginx/html/layui_easyswoole/App/HttpController/Api/Admin/Admin.php line:80]
[2019-09-06 15:19:21][DEBUG][NOTICE] : [Undefined index: admin_id at file:/usr/share/nginx/html/layui_easyswoole/App/HttpController/Api/Admin/Admin.php line:80]
