[2019-09-03 22:45:49 *3371.0]	ERROR	php_swoole_server_rshutdown (ERRNO 503): Fatal error: Class App\HttpController\Api\Admin\Admin contains 1 abstract method and must therefore be declared abstract or implement the remaining methods (App\HttpController\Api\ApiBase::getValidateRule) in /usr/share/nginx/html/layui_easyswoole/App/HttpController/Api/Admin/Admin.php on line 8
[2019-09-03 22:45:49 $3369.0]	WARNING	swManager_check_exit_status: worker#0[pid=3371] abnormal exit, status=255, signal=0
[2019-09-03 22:46:23 *3387.0]	ERROR	php_swoole_server_rshutdown (ERRNO 503): Fatal error: Class App\HttpController\Api\Admin\Admin contains 1 abstract method and must therefore be declared abstract or implement the remaining methods (App\HttpController\Api\ApiBase::getValidateRule) in /usr/share/nginx/html/layui_easyswoole/App/HttpController/Api/Admin/Admin.php on line 8
[2019-09-03 22:46:23 $3385.0]	WARNING	swManager_check_exit_status: worker#0[pid=3387] abnormal exit, status=255, signal=0
[2019-09-03 22:47:58 *3403.0]	ERROR	php_swoole_server_rshutdown (ERRNO 503): Fatal error: Declaration of App\HttpController\Api\Admin\Admin::getValidateRule(string $action): ?EasySwoole\Validate\Validate must be compatible with App\HttpController\Api\ApiBase::getValidateRule(?string $action): ?EasySwoole\Validate\Validate in /usr/share/nginx/html/layui_easyswoole/App/HttpController/Api/Admin/Admin.php on line 7
[2019-09-03 22:47:58 $3401.0]	WARNING	swManager_check_exit_status: worker#0[pid=3403] abnormal exit, status=255, signal=0
[2019-09-03 22:50:59 *3426.0]	ERROR	php_swoole_server_rshutdown (ERRNO 503): Fatal error: Declaration of App\HttpController\Api\Admin\Admin::getValidateRule(string $action): ?EasySwoole\Validate\Validate must be compatible with App\HttpController\Api\ApiBase::getValidateRule(?string $action): ?EasySwoole\Validate\Validate in /usr/share/nginx/html/layui_easyswoole/App/HttpController/Api/Admin/Admin.php on line 7
[2019-09-03 22:50:59 $3424.0]	WARNING	swManager_check_exit_status: worker#0[pid=3426] abnormal exit, status=255, signal=0
[2019-09-03 22:51:57 *3438.0]	ERROR	php_swoole_server_rshutdown (ERRNO 503): Fatal error: Declaration of App\HttpController\Api\Admin\Admin::getValidateRule(string $action): ?EasySwoole\Validate\Validate must be compatible with App\HttpController\Api\ApiBase::getValidateRule(?string $action): ?EasySwoole\Validate\Validate in /usr/share/nginx/html/layui_easyswoole/App/HttpController/Api/Admin/Admin.php on line 7
[2019-09-03 22:51:57 $3424.0]	WARNING	swManager_check_exit_status: worker#0[pid=3438] abnormal exit, status=255, signal=0
[2019-09-03 23:09:41 *3439.0]	WARNING	swSignalfd_onSignal (ERRNO 707): Unable to find callback function for signal Hangup: 1
[2019-09-03 23:09:41 *3433.7]	WARNING	swSignalfd_onSignal (ERRNO 707): Unable to find callback function for signal Hangup: 1
[2019-09-03 23:09:41 *3432.6]	WARNING	swSignalfd_onSignal (ERRNO 707): Unable to find callback function for signal Hangup: 1
[2019-09-03 23:09:41 *3431.5]	WARNING	swSignalfd_onSignal (ERRNO 707): Unable to find callback function for signal Hangup: 1
[2019-09-03 23:09:41 *3430.4]	WARNING	swSignalfd_onSignal (ERRNO 707): Unable to find callback function for signal Hangup: 1
[2019-09-03 23:09:41 *3429.3]	WARNING	swSignalfd_onSignal (ERRNO 707): Unable to find callback function for signal Hangup: 1
[2019-09-03 23:09:41 *3428.2]	WARNING	swSignalfd_onSignal (ERRNO 707): Unable to find callback function for signal Hangup: 1
[2019-09-03 23:09:41 *3427.1]	WARNING	swSignalfd_onSignal (ERRNO 707): Unable to find callback function for signal Hangup: 1
[2019-09-03 23:09:41 $3424.0]	WARNING	swSignal_callback (ERRNO 707): Unable to find callback function for signal Hangup: 1
[2019-09-03 23:09:41 $3424.0]	WARNING	swManager_check_exit_status: worker#8[pid=3434] abnormal exit, status=0, signal=1
[2019-09-03 23:09:41 $3424.0]	WARNING	swManager_check_exit_status: worker#9[pid=3435] abnormal exit, status=0, signal=1
[2019-09-03 23:09:41 $3424.0]	WARNING	swManager_check_exit_status: worker#10[pid=3436] abnormal exit, status=0, signal=1
[2019-09-03 23:09:41 #3423.1]	WARNING	swSignalfd_onSignal (ERRNO 707): Unable to find callback function for signal Hangup: 1
[2019-09-03 23:09:41 $3424.0]	WARNING	swManager_check_exit_status: worker#11[pid=3437] abnormal exit, status=0, signal=1
[2019-09-03 23:13:32 *3566.0]	ERROR	php_swoole_server_rshutdown (ERRNO 503): Fatal error: Declaration of App\HttpController\Api\Admin\Admin::getValidateRule(string $action): ?EasySwoole\Validate\Validate must be compatible with App\HttpController\Api\ApiBase::getValidateRule(?string $action): ?EasySwoole\Validate\Validate in /usr/share/nginx/html/layui_easyswoole/App/HttpController/Api/Admin/Admin.php on line 7
[2019-09-03 23:13:32 $3564.0]	WARNING	swManager_check_exit_status: worker#0[pid=3566] abnormal exit, status=255, signal=0
[2019-09-03 23:15:20 *3582.0]	ERROR	php_swoole_server_rshutdown (ERRNO 503): Fatal error: Declaration of App\HttpController\Api\Admin\AdminBase::getValidateRule(string $action): ?EasySwoole\Validate\Validate must be compatible with App\HttpController\Api\ApiBase::getValidateRule(?string $action): ?EasySwoole\Validate\Validate in /usr/share/nginx/html/layui_easyswoole/App/HttpController/Api/Admin/AdminBase.php on line 7
[2019-09-03 23:15:20 $3580.0]	WARNING	swManager_check_exit_status: worker#0[pid=3582] abnormal exit, status=255, signal=0
[2019-09-03 23:19:01 *3598.0]	ERROR	php_swoole_server_rshutdown (ERRNO 503): Fatal error: Declaration of App\HttpController\Api\Admin\AdminBase::getValidateRule(string $action): ?EasySwoole\Validate\Validate must be compatible with App\HttpController\Api\ApiBase::getValidateRule(?string $action): ?EasySwoole\Validate\Validate in /usr/share/nginx/html/layui_easyswoole/App/HttpController/Api/Admin/AdminBase.php on line 7
[2019-09-03 23:19:01 $3596.0]	WARNING	swManager_check_exit_status: worker#0[pid=3598] abnormal exit, status=255, signal=0
[2019-09-04 09:24:38 *4482.0]	ERROR	php_swoole_server_rshutdown (ERRNO 503): Fatal error: Declaration of App\HttpController\Api\Admin\AdminBase::getValidateRule(string $action): ?EasySwoole\Validate\Validate must be compatible with App\HttpController\Api\ApiBase::getValidateRule(?string $action): ?EasySwoole\Validate\Validate in /usr/share/nginx/html/layui_easyswoole/App/HttpController/Api/Admin/AdminBase.php on line 7
[2019-09-04 09:24:38 $4480.0]	WARNING	swManager_check_exit_status: worker#0[pid=4482] abnormal exit, status=255, signal=0
[2019-09-04 09:27:33 *4498.0]	ERROR	php_swoole_server_rshutdown (ERRNO 503): Fatal error: Declaration of App\HttpController\Api\Admin\AdminBase::getValidateRule(string $action): ?EasySwoole\Validate\Validate must be compatible with App\HttpController\Api\ApiBase::getValidateRule(?string $action): ?EasySwoole\Validate\Validate in /usr/share/nginx/html/layui_easyswoole/App/HttpController/Api/Admin/AdminBase.php on line 7
[2019-09-04 09:27:33 $4496.0]	WARNING	swManager_check_exit_status: worker#0[pid=4498] abnormal exit, status=255, signal=0
[2019-09-04 09:29:29 *4514.0]	ERROR	php_swoole_server_rshutdown (ERRNO 503): Fatal error: Declaration of App\HttpController\Api\Admin\AdminBase::getValidateRule(string $action): ?EasySwoole\Validate\Validate must be compatible with App\HttpController\Api\ApiBase::getValidateRule(?string $action): ?EasySwoole\Validate\Validate in /usr/share/nginx/html/layui_easyswoole/App/HttpController/Api/Admin/AdminBase.php on line 15
[2019-09-04 09:29:29 $4512.0]	WARNING	swManager_check_exit_status: worker#0[pid=4514] abnormal exit, status=255, signal=0
